[2026-04-24 23:02:58,342 : INFO: main: Welcome to ML Batch P logs]
[2026-04-24 23:03:03,917 : INFO: main: Welcome to ML Batch P logs]
[2026-04-25 20:31:40,913 : INFO: common: YAML file config\config.yaml loaded successfully]
[2026-04-25 20:31:40,920 : INFO: common: YAML file params.yaml loaded successfully]
[2026-04-25 20:31:40,930 : INFO: common: created directory at: artifacts]
[2026-04-25 20:31:40,934 : INFO: common: created directory at: artifacts/data_ingestion]
[2026-04-25 20:31:46,737 : INFO: 4037744573: artifacts/data_ingestion/data.zip download! with following info: 
Connection: close
Content-Length: 11616915
Cache-Control: max-age=300
Content-Security-Policy: default-src 'none'; style-src 'unsafe-inline'; sandbox
Content-Type: application/zip
ETag: "adf745abc03891fe493c3be264ec012691fe3fa21d861f35a27edbe6d86a76b1"
Strict-Transport-Security: max-age=31536000
X-Content-Type-Options: nosniff
X-Frame-Options: deny
X-XSS-Protection: 1; mode=block
X-GitHub-Request-Id: E230:231245:876F7C:A6C4CA:69ECD754
Accept-Ranges: bytes
Date: Sat, 25 Apr 2026 15:01:44 GMT
Via: 1.1 varnish
X-Served-By: cache-del-vibw2260036-DEL
X-Cache: MISS
X-Cache-Hits: 0
X-Timer: S1777129301.146387,VS0,VE2996
Vary: Authorization,Accept-Encoding
Access-Control-Allow-Origin: *
Cross-Origin-Resource-Policy: cross-origin
X-Fastly-Request-ID: 2dc490bf9fc96ba6065e3a20dc7e2713394dabcd
Expires: Sat, 25 Apr 2026 15:06:44 GMT
Source-Age: 2

]
[2026-04-25 21:17:43,116 : INFO: main: >>>>>> Data Ingestion Stage started <<<<<<]
[2026-04-25 21:17:43,118 : INFO: common: YAML file config\config.yaml loaded successfully]
[2026-04-25 21:17:43,119 : INFO: common: YAML file params.yaml loaded successfully]
[2026-04-25 21:17:43,120 : INFO: common: created directory at: artifacts]
[2026-04-25 21:17:43,120 : INFO: common: created directory at: artifacts/data_ingestion]
[2026-04-25 21:17:43,120 : INFO: data_ingestion: File already exists of size: ~ 11345 KB]
[2026-04-25 21:17:43,403 : INFO: main: >>>>>> Data Ingestion Stage completed <<<<<<

x==========x]
[2026-04-29 03:04:48,906 : INFO: common: YAML file config\config.yaml loaded successfully]
[2026-04-29 03:04:48,933 : INFO: common: YAML file params.yaml loaded successfully]
[2026-04-29 03:04:48,935 : INFO: common: created directory at: artifacts]
[2026-04-29 03:04:48,935 : INFO: common: created directory at: artifacts/prepare_base_model]
[2026-04-29 03:05:03,237 : WARNING: saving_utils: Compiled the loaded model, but the compiled metrics have yet to be built. `model.compile_metrics` will be empty until you train or evaluate the model.]
[2026-04-29 10:39:13,003 : INFO: main: >>>>>> Data Ingestion Stage started <<<<<<]
[2026-04-29 10:39:13,023 : INFO: common: YAML file config\config.yaml loaded successfully]
[2026-04-29 10:39:13,037 : INFO: common: YAML file params.yaml loaded successfully]
[2026-04-29 10:39:13,038 : INFO: common: created directory at: artifacts]
[2026-04-29 10:39:13,038 : INFO: common: created directory at: artifacts/data_ingestion]
[2026-04-29 10:39:13,038 : INFO: data_ingestion: File already exists of size: ~ 11345 KB]
[2026-04-29 10:39:13,482 : INFO: main: >>>>>> Data Ingestion Stage completed <<<<<<

x==========x]
[2026-04-29 10:39:13,482 : INFO: main: >>>>>> Prepare Base Model started <<<<<<]
[2026-04-29 10:39:13,483 : INFO: common: YAML file config\config.yaml loaded successfully]
[2026-04-29 10:39:13,485 : INFO: common: YAML file params.yaml loaded successfully]
[2026-04-29 10:39:13,485 : INFO: common: created directory at: artifacts]
[2026-04-29 10:39:13,485 : ERROR: main: 'ConfigurationManager' object has no attribute 'get_prepare_base_model_config']
Traceback (most recent call last):
  File "C:\Users\Admin\Desktop\DLOPS_BA_P\main.py", line 24, in <module>
    prepare_base_model.main()
  File "C:\Users\Admin\Desktop\DLOPS_BA_P\src\cnnClassifier\pipeline\stage_02_prepare_base_model.py", line 15, in main
    prepare_base_model_config = config.get_prepare_base_model_config()
AttributeError: 'ConfigurationManager' object has no attribute 'get_prepare_base_model_config'
[2026-04-29 10:42:26,313 : INFO: main: >>>>>> Data Ingestion Stage started <<<<<<]
[2026-04-29 10:42:26,313 : INFO: common: YAML file config\config.yaml loaded successfully]
[2026-04-29 10:42:26,321 : INFO: common: YAML file params.yaml loaded successfully]
[2026-04-29 10:42:26,323 : INFO: common: created directory at: artifacts]
[2026-04-29 10:42:26,323 : INFO: common: created directory at: artifacts/data_ingestion]
[2026-04-29 10:42:26,324 : INFO: data_ingestion: File already exists of size: ~ 11345 KB]
[2026-04-29 10:42:26,653 : INFO: main: >>>>>> Data Ingestion Stage completed <<<<<<

x==========x]
[2026-04-29 10:42:26,653 : INFO: main: >>>>>> Prepare Base Model started <<<<<<]
[2026-04-29 10:42:26,653 : INFO: common: YAML file config\config.yaml loaded successfully]
[2026-04-29 10:42:26,653 : INFO: common: YAML file params.yaml loaded successfully]
[2026-04-29 10:42:26,653 : INFO: common: created directory at: artifacts]
[2026-04-29 10:42:26,653 : INFO: common: created directory at: artifacts/prepare_base_model]
[2026-04-29 10:42:27,373 : WARNING: saving_utils: Compiled the loaded model, but the compiled metrics have yet to be built. `model.compile_metrics` will be empty until you train or evaluate the model.]
[2026-04-29 10:42:27,713 : INFO: main: >>>>>> Prepare Base Model completed <<<<<<

x==========x]
[2026-04-30 11:00:12,468 : INFO: common: YAML file config\config.yaml loaded successfully]
[2026-04-30 11:00:12,504 : INFO: common: YAML file params.yaml loaded successfully]
[2026-04-30 11:00:12,508 : INFO: common: created directory at: artifacts]
[2026-04-30 11:00:12,514 : INFO: common: created directory at: artifacts\prepare_callbacks\checkpoint_dir]
[2026-04-30 11:00:12,517 : INFO: common: created directory at: artifacts\prepare_callbacks\tensorboard_log_dir]
[2026-05-01 11:04:03,830 : INFO: common: YAML file config\config.yaml loaded successfully]
[2026-05-01 11:04:03,860 : INFO: common: YAML file params.yaml loaded successfully]
[2026-05-01 11:04:03,865 : INFO: common: created directory at: artifacts]
[2026-05-01 11:04:03,870 : INFO: common: created directory at: artifacts\prepare_callbacks\checkpoint_dir]
[2026-05-01 11:04:03,873 : INFO: common: created directory at: artifacts\prepare_callbacks\tensorboard_log_dir]
[2026-05-01 11:04:03,874 : INFO: common: created directory at: artifacts\training]
[2026-05-03 15:22:27,612 : INFO: main: >>>>>> Data Ingestion Stage started <<<<<<]
[2026-05-03 15:22:27,630 : INFO: common: YAML file config\config.yaml loaded successfully]
[2026-05-03 15:22:27,667 : INFO: common: YAML file params.yaml loaded successfully]
[2026-05-03 15:22:27,670 : INFO: common: created directory at: artifacts]
[2026-05-03 15:22:27,671 : INFO: common: created directory at: artifacts/data_ingestion]
[2026-05-03 15:22:27,674 : INFO: data_ingestion: File already exists of size: ~ 11345 KB]
[2026-05-03 15:22:28,538 : INFO: main: >>>>>> Data Ingestion Stage completed <<<<<<

x==========x]
[2026-05-03 15:22:28,538 : INFO: main: >>>>>> Prepare Base Model started <<<<<<]
[2026-05-03 15:22:28,544 : INFO: common: YAML file config\config.yaml loaded successfully]
[2026-05-03 15:22:28,544 : INFO: common: YAML file params.yaml loaded successfully]
[2026-05-03 15:22:28,544 : INFO: common: created directory at: artifacts]
[2026-05-03 15:22:28,547 : INFO: common: created directory at: artifacts/prepare_base_model]
[2026-05-03 15:22:29,700 : WARNING: saving_utils: Compiled the loaded model, but the compiled metrics have yet to be built. `model.compile_metrics` will be empty until you train or evaluate the model.]
[2026-05-03 15:22:30,183 : INFO: main: >>>>>> Prepare Base Model completed <<<<<<

x==========x]
[2026-05-03 15:22:30,183 : INFO: main: >>>>>> Training started <<<<<<]
[2026-05-03 15:22:30,187 : INFO: common: YAML file config\config.yaml loaded successfully]
[2026-05-03 15:22:30,189 : INFO: common: YAML file params.yaml loaded successfully]
[2026-05-03 15:22:30,189 : INFO: common: created directory at: artifacts]
[2026-05-03 15:22:30,191 : INFO: common: created directory at: artifacts\prepare_callbacks\checkpoint_dir]
[2026-05-03 15:22:30,191 : INFO: common: created directory at: artifacts\prepare_callbacks\tensorboard_log_dir]
[2026-05-03 15:22:30,193 : INFO: common: created directory at: artifacts\training]
[2026-05-03 15:28:14,813 : INFO: main: >>>>>> Training completed <<<<<<

x==========x]
